<?xml version="1.0" encoding="UTF-8"?>
<!-- Generated by org.testng.reporters.JUnitReportReporter -->
<testsuite hostname="Rehansgamingdevice" failures="0" tests="1" name="testCases.TC_0001_AccountRegister" time="1.543" errors="0" timestamp="2025-02-11T17:05:03 IST" skipped="0">
  <testcase classname="testCases.TC_0001_AccountRegister" name="verify_account_register" time="1.543"/>
</testsuite> <!-- testCases.TC_0001_AccountRegister -->
