<?xml version="1.0" encoding="UTF-8"?>
<!-- Generated by org.testng.reporters.JUnitReportReporter -->
<testsuite hostname="Rehansgamingdevice" failures="0" tests="1" name="testCases.TC_0002_LoginWithValid" time="1.161" errors="0" timestamp="2025-02-11T17:05:03 IST" skipped="0">
  <testcase classname="testCases.TC_0002_LoginWithValid" name="varify_login" time="1.161"/>
</testsuite> <!-- testCases.TC_0002_LoginWithValid -->
