<?xml version="1.0" encoding="UTF-8"?>
<!-- Generated by org.testng.reporters.JUnitReportReporter -->
<testsuite hostname="Rehansgamingdevice" failures="0" tests="1" name="testCases.TC_0001_AccountRegister" time="1.682" errors="0" timestamp="2025-02-10T16:54:34 IST" skipped="0">
  <testcase classname="testCases.TC_0001_AccountRegister" name="verify_account_register" time="1.682"/>
</testsuite> <!-- testCases.TC_0001_AccountRegister -->
