<?xml version="1.0" encoding="UTF-8"?>
<!-- Generated by org.testng.reporters.JUnitReportReporter -->
<testsuite hostname="Rehansgamingdevice" failures="0" tests="1" name="testCases.TC_0002_LoginWithValid" time="1.310" errors="0" timestamp="2025-02-10T16:54:34 IST" skipped="0">
  <testcase classname="testCases.TC_0002_LoginWithValid" name="varify_login" time="1.310"/>
</testsuite> <!-- testCases.TC_0002_LoginWithValid -->
